0 info it worked if it ends with ok
1 verbose cli [ 'node', '/usr/local/bin/npm', 'install' ]
2 info using npm@1.4.3
3 info using node@v0.10.26
4 warn package.json YOUR-PROJECT-NAME-HERE@0.0.1 No repository field.
5 verbose readDependencies using package.json deps
6 verbose install where, deps [ '/Users/ikerib/www/ControlBobinasSMD',
6 verbose install   [ 'connect',
6 verbose install     'express',
6 verbose install     'jade',
6 verbose install     'mongoose',
6 verbose install     'socket.io',
6 verbose install     'vows',
6 verbose install     'mocha',
6 verbose install     'should' ] ]
7 info preinstall YOUR-PROJECT-NAME-HERE@0.0.1
8 verbose readDependencies using package.json deps
9 verbose cache add [ 'mongoose@2.4.8', null ]
10 verbose cache add name=undefined spec="mongoose@2.4.8" args=["mongoose@2.4.8",null]
11 verbose parsed url { protocol: null,
11 verbose parsed url   slashes: null,
11 verbose parsed url   auth: null,
11 verbose parsed url   host: null,
11 verbose parsed url   port: null,
11 verbose parsed url   hostname: null,
11 verbose parsed url   hash: null,
11 verbose parsed url   search: null,
11 verbose parsed url   query: null,
11 verbose parsed url   pathname: 'mongoose@2.4.8',
11 verbose parsed url   path: 'mongoose@2.4.8',
11 verbose parsed url   href: 'mongoose@2.4.8' }
12 verbose cache add name="mongoose" spec="2.4.8" args=["mongoose","2.4.8"]
13 verbose parsed url { protocol: null,
13 verbose parsed url   slashes: null,
13 verbose parsed url   auth: null,
13 verbose parsed url   host: null,
13 verbose parsed url   port: null,
13 verbose parsed url   hostname: null,
13 verbose parsed url   hash: null,
13 verbose parsed url   search: null,
13 verbose parsed url   query: null,
13 verbose parsed url   pathname: '2.4.8',
13 verbose parsed url   path: '2.4.8',
13 verbose parsed url   href: '2.4.8' }
14 verbose addNamed [ 'mongoose', '2.4.8' ]
15 verbose addNamed [ '2.4.8', '2.4.8' ]
16 verbose cache add [ 'connect@1.8.5', null ]
17 verbose cache add name=undefined spec="connect@1.8.5" args=["connect@1.8.5",null]
18 verbose parsed url { protocol: null,
18 verbose parsed url   slashes: null,
18 verbose parsed url   auth: null,
18 verbose parsed url   host: null,
18 verbose parsed url   port: null,
18 verbose parsed url   hostname: null,
18 verbose parsed url   hash: null,
18 verbose parsed url   search: null,
18 verbose parsed url   query: null,
18 verbose parsed url   pathname: 'connect@1.8.5',
18 verbose parsed url   path: 'connect@1.8.5',
18 verbose parsed url   href: 'connect@1.8.5' }
19 verbose cache add name="connect" spec="1.8.5" args=["connect","1.8.5"]
20 verbose parsed url { protocol: null,
20 verbose parsed url   slashes: null,
20 verbose parsed url   auth: null,
20 verbose parsed url   host: null,
20 verbose parsed url   port: null,
20 verbose parsed url   hostname: null,
20 verbose parsed url   hash: null,
20 verbose parsed url   search: null,
20 verbose parsed url   query: null,
20 verbose parsed url   pathname: '1.8.5',
20 verbose parsed url   path: '1.8.5',
20 verbose parsed url   href: '1.8.5' }
21 verbose addNamed [ 'connect', '1.8.5' ]
22 verbose addNamed [ '1.8.5', '1.8.5' ]
23 verbose cache add [ 'express@2.5.2', null ]
24 verbose cache add name=undefined spec="express@2.5.2" args=["express@2.5.2",null]
25 verbose parsed url { protocol: null,
25 verbose parsed url   slashes: null,
25 verbose parsed url   auth: null,
25 verbose parsed url   host: null,
25 verbose parsed url   port: null,
25 verbose parsed url   hostname: null,
25 verbose parsed url   hash: null,
25 verbose parsed url   search: null,
25 verbose parsed url   query: null,
25 verbose parsed url   pathname: 'express@2.5.2',
25 verbose parsed url   path: 'express@2.5.2',
25 verbose parsed url   href: 'express@2.5.2' }
26 verbose cache add name="express" spec="2.5.2" args=["express","2.5.2"]
27 verbose parsed url { protocol: null,
27 verbose parsed url   slashes: null,
27 verbose parsed url   auth: null,
27 verbose parsed url   host: null,
27 verbose parsed url   port: null,
27 verbose parsed url   hostname: null,
27 verbose parsed url   hash: null,
27 verbose parsed url   search: null,
27 verbose parsed url   query: null,
27 verbose parsed url   pathname: '2.5.2',
27 verbose parsed url   path: '2.5.2',
27 verbose parsed url   href: '2.5.2' }
28 verbose addNamed [ 'express', '2.5.2' ]
29 verbose addNamed [ '2.5.2', '2.5.2' ]
30 verbose cache add [ 'socket.io@0.8.7', null ]
31 verbose cache add name=undefined spec="socket.io@0.8.7" args=["socket.io@0.8.7",null]
32 verbose parsed url { protocol: null,
32 verbose parsed url   slashes: null,
32 verbose parsed url   auth: null,
32 verbose parsed url   host: null,
32 verbose parsed url   port: null,
32 verbose parsed url   hostname: null,
32 verbose parsed url   hash: null,
32 verbose parsed url   search: null,
32 verbose parsed url   query: null,
32 verbose parsed url   pathname: 'socket.io@0.8.7',
32 verbose parsed url   path: 'socket.io@0.8.7',
32 verbose parsed url   href: 'socket.io@0.8.7' }
33 verbose cache add name="socket.io" spec="0.8.7" args=["socket.io","0.8.7"]
34 verbose parsed url { protocol: null,
34 verbose parsed url   slashes: null,
34 verbose parsed url   auth: null,
34 verbose parsed url   host: null,
34 verbose parsed url   port: null,
34 verbose parsed url   hostname: null,
34 verbose parsed url   hash: null,
34 verbose parsed url   search: null,
34 verbose parsed url   query: null,
34 verbose parsed url   pathname: '0.8.7',
34 verbose parsed url   path: '0.8.7',
34 verbose parsed url   href: '0.8.7' }
35 verbose addNamed [ 'socket.io', '0.8.7' ]
36 verbose addNamed [ '0.8.7', '0.8.7' ]
37 verbose cache add [ 'jade@0.20.0', null ]
38 verbose cache add name=undefined spec="jade@0.20.0" args=["jade@0.20.0",null]
39 verbose parsed url { protocol: null,
39 verbose parsed url   slashes: null,
39 verbose parsed url   auth: null,
39 verbose parsed url   host: null,
39 verbose parsed url   port: null,
39 verbose parsed url   hostname: null,
39 verbose parsed url   hash: null,
39 verbose parsed url   search: null,
39 verbose parsed url   query: null,
39 verbose parsed url   pathname: 'jade@0.20.0',
39 verbose parsed url   path: 'jade@0.20.0',
39 verbose parsed url   href: 'jade@0.20.0' }
40 verbose cache add name="jade" spec="0.20.0" args=["jade","0.20.0"]
41 verbose parsed url { protocol: null,
41 verbose parsed url   slashes: null,
41 verbose parsed url   auth: null,
41 verbose parsed url   host: null,
41 verbose parsed url   port: null,
41 verbose parsed url   hostname: null,
41 verbose parsed url   hash: null,
41 verbose parsed url   search: null,
41 verbose parsed url   query: null,
41 verbose parsed url   pathname: '0.20.0',
41 verbose parsed url   path: '0.20.0',
41 verbose parsed url   href: '0.20.0' }
42 verbose addNamed [ 'jade', '0.20.0' ]
43 verbose addNamed [ '0.20.0', '0.20.0' ]
44 silly lockFile f329261c-mongoose-2-4-8 mongoose@2.4.8
45 verbose lock mongoose@2.4.8 /Users/ikerib/.npm/f329261c-mongoose-2-4-8.lock
46 silly lockFile dce4616f-connect-1-8-5 connect@1.8.5
47 verbose lock connect@1.8.5 /Users/ikerib/.npm/dce4616f-connect-1-8-5.lock
48 silly lockFile 5dd4d70a-express-2-5-2 express@2.5.2
49 verbose lock express@2.5.2 /Users/ikerib/.npm/5dd4d70a-express-2-5-2.lock
50 silly lockFile cb903926-socket-io-0-8-7 socket.io@0.8.7
51 verbose lock socket.io@0.8.7 /Users/ikerib/.npm/cb903926-socket-io-0-8-7.lock
52 silly lockFile a24c3910-jade-0-20-0 jade@0.20.0
53 verbose lock jade@0.20.0 /Users/ikerib/.npm/a24c3910-jade-0-20-0.lock
54 verbose cache add [ 'vows@0.5.x', null ]
55 verbose cache add name=undefined spec="vows@0.5.x" args=["vows@0.5.x",null]
56 verbose parsed url { protocol: null,
56 verbose parsed url   slashes: null,
56 verbose parsed url   auth: null,
56 verbose parsed url   host: null,
56 verbose parsed url   port: null,
56 verbose parsed url   hostname: null,
56 verbose parsed url   hash: null,
56 verbose parsed url   search: null,
56 verbose parsed url   query: null,
56 verbose parsed url   pathname: 'vows@0.5.x',
56 verbose parsed url   path: 'vows@0.5.x',
56 verbose parsed url   href: 'vows@0.5.x' }
57 verbose cache add name="vows" spec="0.5.x" args=["vows","0.5.x"]
58 verbose parsed url { protocol: null,
58 verbose parsed url   slashes: null,
58 verbose parsed url   auth: null,
58 verbose parsed url   host: null,
58 verbose parsed url   port: null,
58 verbose parsed url   hostname: null,
58 verbose parsed url   hash: null,
58 verbose parsed url   search: null,
58 verbose parsed url   query: null,
58 verbose parsed url   pathname: '0.5.x',
58 verbose parsed url   path: '0.5.x',
58 verbose parsed url   href: '0.5.x' }
59 verbose addNamed [ 'vows', '0.5.x' ]
60 verbose addNamed [ null, '>=0.5.0-0 <0.6.0-0' ]
61 silly lockFile a41c3257-vows-0-5-x vows@0.5.x
62 verbose lock vows@0.5.x /Users/ikerib/.npm/a41c3257-vows-0-5-x.lock
63 verbose cache add [ 'mocha@*', null ]
64 verbose cache add name=undefined spec="mocha@*" args=["mocha@*",null]
65 verbose parsed url { protocol: null,
65 verbose parsed url   slashes: null,
65 verbose parsed url   auth: null,
65 verbose parsed url   host: null,
65 verbose parsed url   port: null,
65 verbose parsed url   hostname: null,
65 verbose parsed url   hash: null,
65 verbose parsed url   search: null,
65 verbose parsed url   query: null,
65 verbose parsed url   pathname: 'mocha@*',
65 verbose parsed url   path: 'mocha@*',
65 verbose parsed url   href: 'mocha@*' }
66 verbose cache add name="mocha" spec="*" args=["mocha","*"]
67 verbose parsed url { protocol: null,
67 verbose parsed url   slashes: null,
67 verbose parsed url   auth: null,
67 verbose parsed url   host: null,
67 verbose parsed url   port: null,
67 verbose parsed url   hostname: null,
67 verbose parsed url   hash: null,
67 verbose parsed url   search: null,
67 verbose parsed url   query: null,
67 verbose parsed url   pathname: '*',
67 verbose parsed url   path: '*',
67 verbose parsed url   href: '*' }
68 verbose addNamed [ 'mocha', '*' ]
69 verbose addNamed [ null, '*' ]
70 silly lockFile 4d0fa87f-mocha mocha@*
71 verbose lock mocha@* /Users/ikerib/.npm/4d0fa87f-mocha.lock
72 verbose cache add [ 'should@*', null ]
73 verbose cache add name=undefined spec="should@*" args=["should@*",null]
74 verbose parsed url { protocol: null,
74 verbose parsed url   slashes: null,
74 verbose parsed url   auth: null,
74 verbose parsed url   host: null,
74 verbose parsed url   port: null,
74 verbose parsed url   hostname: null,
74 verbose parsed url   hash: null,
74 verbose parsed url   search: null,
74 verbose parsed url   query: null,
74 verbose parsed url   pathname: 'should@*',
74 verbose parsed url   path: 'should@*',
74 verbose parsed url   href: 'should@*' }
75 verbose cache add name="should" spec="*" args=["should","*"]
76 verbose parsed url { protocol: null,
76 verbose parsed url   slashes: null,
76 verbose parsed url   auth: null,
76 verbose parsed url   host: null,
76 verbose parsed url   port: null,
76 verbose parsed url   hostname: null,
76 verbose parsed url   hash: null,
76 verbose parsed url   search: null,
76 verbose parsed url   query: null,
76 verbose parsed url   pathname: '*',
76 verbose parsed url   path: '*',
76 verbose parsed url   href: '*' }
77 verbose addNamed [ 'should', '*' ]
78 verbose addNamed [ null, '*' ]
79 silly lockFile 987f4939-should should@*
80 verbose lock should@* /Users/ikerib/.npm/987f4939-should.lock
81 silly addNameRange { name: 'vows', range: '>=0.5.0-0 <0.6.0-0', hasData: false }
82 silly addNameRange { name: 'mocha', range: '*', hasData: false }
83 silly addNameRange { name: 'should', range: '*', hasData: false }
84 verbose url raw mongoose/2.4.8
85 verbose url resolving [ 'https://registry.npmjs.org/', './mongoose/2.4.8' ]
86 verbose url resolved https://registry.npmjs.org/mongoose/2.4.8
87 info trying registry request attempt 1 at 09:10:34
88 verbose etag "4Q2RX9N0QGU1DJO57F7F662PI"
89 http GET https://registry.npmjs.org/mongoose/2.4.8
90 verbose url raw connect/1.8.5
91 verbose url resolving [ 'https://registry.npmjs.org/', './connect/1.8.5' ]
92 verbose url resolved https://registry.npmjs.org/connect/1.8.5
93 info trying registry request attempt 1 at 09:10:34
94 verbose etag "73UMRX8K2N5SO9U0R1H3AR7HH"
95 http GET https://registry.npmjs.org/connect/1.8.5
96 verbose url raw express/2.5.2
97 verbose url resolving [ 'https://registry.npmjs.org/', './express/2.5.2' ]
98 verbose url resolved https://registry.npmjs.org/express/2.5.2
99 info trying registry request attempt 1 at 09:10:34
100 verbose etag "8VQ2YNCG47RZS5LOT5K1EXW4L"
101 http GET https://registry.npmjs.org/express/2.5.2
102 verbose url raw socket.io/0.8.7
103 verbose url resolving [ 'https://registry.npmjs.org/', './socket.io/0.8.7' ]
104 verbose url resolved https://registry.npmjs.org/socket.io/0.8.7
105 info trying registry request attempt 1 at 09:10:34
106 verbose etag "E7L92PHTEFJZNODG11EVY2MOJ"
107 http GET https://registry.npmjs.org/socket.io/0.8.7
108 verbose url raw vows
109 verbose url resolving [ 'https://registry.npmjs.org/', './vows' ]
110 verbose url resolved https://registry.npmjs.org/vows
111 info trying registry request attempt 1 at 09:10:34
112 verbose etag "4623UUR0KQTCYYMLTIYEWIB4U"
113 http GET https://registry.npmjs.org/vows
114 verbose url raw mocha
115 verbose url resolving [ 'https://registry.npmjs.org/', './mocha' ]
116 verbose url resolved https://registry.npmjs.org/mocha
117 info trying registry request attempt 1 at 09:10:34
118 verbose etag "6D7B9C2A7CXOIEUXYB2WIJBP7"
119 http GET https://registry.npmjs.org/mocha
120 verbose url raw should
121 verbose url resolving [ 'https://registry.npmjs.org/', './should' ]
122 verbose url resolved https://registry.npmjs.org/should
123 info trying registry request attempt 1 at 09:10:34
124 verbose etag "5MA9E6GF8RMAXMTGRLGZ6F13Z"
125 http GET https://registry.npmjs.org/should
126 verbose url raw jade/0.20.0
127 verbose url resolving [ 'https://registry.npmjs.org/', './jade/0.20.0' ]
128 verbose url resolved https://registry.npmjs.org/jade/0.20.0
129 info trying registry request attempt 1 at 09:10:34
130 verbose etag "3MOZOO56HQ3F3K1DBWAR1ZJLF"
131 http GET https://registry.npmjs.org/jade/0.20.0
132 info retry will retry, error on last attempt: Error: connect Unknown system errno 64
133 info retry will retry, error on last attempt: Error: connect Unknown system errno 64
134 info retry will retry, error on last attempt: Error: connect Unknown system errno 64
135 info retry will retry, error on last attempt: Error: connect Unknown system errno 64
136 info retry will retry, error on last attempt: Error: connect Unknown system errno 64
137 info retry will retry, error on last attempt: Error: connect Unknown system errno 64
138 info retry will retry, error on last attempt: Error: connect Unknown system errno 64
139 info retry will retry, error on last attempt: Error: connect Unknown system errno 64
140 info trying registry request attempt 2 at 09:10:45
141 verbose etag "E7L92PHTEFJZNODG11EVY2MOJ"
142 http GET https://registry.npmjs.org/socket.io/0.8.7
143 info retry will retry, error on last attempt: Error: connect Unknown system errno 64
144 info trying registry request attempt 2 at 09:10:45
145 verbose etag "8VQ2YNCG47RZS5LOT5K1EXW4L"
146 http GET https://registry.npmjs.org/express/2.5.2
147 info trying registry request attempt 2 at 09:10:45
148 verbose etag "73UMRX8K2N5SO9U0R1H3AR7HH"
149 http GET https://registry.npmjs.org/connect/1.8.5
150 info trying registry request attempt 2 at 09:10:45
151 verbose etag "4Q2RX9N0QGU1DJO57F7F662PI"
152 http GET https://registry.npmjs.org/mongoose/2.4.8
153 info trying registry request attempt 2 at 09:10:45
154 verbose etag "4623UUR0KQTCYYMLTIYEWIB4U"
155 http GET https://registry.npmjs.org/vows
156 info trying registry request attempt 2 at 09:10:45
157 verbose etag "5MA9E6GF8RMAXMTGRLGZ6F13Z"
158 http GET https://registry.npmjs.org/should
159 info trying registry request attempt 2 at 09:10:45
160 verbose etag "6D7B9C2A7CXOIEUXYB2WIJBP7"
161 http GET https://registry.npmjs.org/mocha
162 info trying registry request attempt 2 at 09:10:45
163 verbose etag "3MOZOO56HQ3F3K1DBWAR1ZJLF"
164 http GET https://registry.npmjs.org/jade/0.20.0
165 info retry will retry, error on last attempt: Error: connect Unknown system errno 64
166 info retry will retry, error on last attempt: Error: connect Unknown system errno 64
167 info retry will retry, error on last attempt: Error: connect Unknown system errno 64
168 info retry will retry, error on last attempt: Error: connect Unknown system errno 64
169 info retry will retry, error on last attempt: Error: connect Unknown system errno 64
170 info retry will retry, error on last attempt: Error: connect Unknown system errno 64
171 info retry will retry, error on last attempt: Error: connect Unknown system errno 64
172 info trying registry request attempt 3 at 09:11:45
173 verbose etag "E7L92PHTEFJZNODG11EVY2MOJ"
174 http GET https://registry.npmjs.org/socket.io/0.8.7
175 info trying registry request attempt 3 at 09:11:45
176 verbose etag "8VQ2YNCG47RZS5LOT5K1EXW4L"
177 http GET https://registry.npmjs.org/express/2.5.2
178 info trying registry request attempt 3 at 09:11:45
179 verbose etag "4623UUR0KQTCYYMLTIYEWIB4U"
180 http GET https://registry.npmjs.org/vows
181 info trying registry request attempt 3 at 09:11:45
182 verbose etag "4Q2RX9N0QGU1DJO57F7F662PI"
183 http GET https://registry.npmjs.org/mongoose/2.4.8
184 info trying registry request attempt 3 at 09:11:45
185 verbose etag "73UMRX8K2N5SO9U0R1H3AR7HH"
186 http GET https://registry.npmjs.org/connect/1.8.5
187 info trying registry request attempt 3 at 09:11:45
188 verbose etag "5MA9E6GF8RMAXMTGRLGZ6F13Z"
189 http GET https://registry.npmjs.org/should
190 info trying registry request attempt 3 at 09:11:45
191 verbose etag "6D7B9C2A7CXOIEUXYB2WIJBP7"
192 http GET https://registry.npmjs.org/mocha
193 info trying registry request attempt 3 at 09:11:45
194 verbose etag "3MOZOO56HQ3F3K1DBWAR1ZJLF"
195 http GET https://registry.npmjs.org/jade/0.20.0
196 silly registry.get cb [ 304, undefined ]
197 verbose etag socket.io/0.8.7 from cache
198 silly registry.get cb [ 304, undefined ]
199 verbose etag express/2.5.2 from cache
200 silly registry.get cb [ 304, undefined ]
201 verbose etag mongoose/2.4.8 from cache
202 silly registry.get cb [ 304, undefined ]
203 verbose etag vows from cache
204 silly registry.get cb [ 304, undefined ]
205 verbose etag connect/1.8.5 from cache
206 silly registry.get cb [ 304, undefined ]
207 verbose etag should from cache
208 silly registry.get cb [ 304, undefined ]
209 verbose etag mocha from cache
210 silly registry.get cb [ 304, undefined ]
211 verbose etag jade/0.20.0 from cache
212 silly addNameRange number 2 { name: 'should', range: '*', hasData: true }
213 silly addNameRange versions [ 'should',
213 silly addNameRange   [ '0.0.1',
213 silly addNameRange     '0.0.2',
213 silly addNameRange     '0.0.3',
213 silly addNameRange     '0.0.4',
213 silly addNameRange     '0.1.0',
213 silly addNameRange     '0.2.0',
213 silly addNameRange     '0.2.1',
213 silly addNameRange     '0.3.0',
213 silly addNameRange     '0.3.1',
213 silly addNameRange     '0.3.2',
213 silly addNameRange     '0.4.0',
213 silly addNameRange     '0.4.1',
213 silly addNameRange     '0.4.2',
213 silly addNameRange     '0.5.0',
213 silly addNameRange     '0.5.1',
213 silly addNameRange     '0.6.0',
213 silly addNameRange     '0.6.1',
213 silly addNameRange     '0.6.2',
213 silly addNameRange     '0.6.3',
213 silly addNameRange     '1.0.0',
213 silly addNameRange     '1.1.0',
213 silly addNameRange     '1.1.1',
213 silly addNameRange     '1.2.0',
213 silly addNameRange     '1.2.1',
213 silly addNameRange     '1.2.2',
213 silly addNameRange     '1.3.0',
213 silly addNameRange     '2.0.0',
213 silly addNameRange     '2.0.1',
213 silly addNameRange     '2.0.2',
213 silly addNameRange     '2.1.0',
213 silly addNameRange     '2.1.1',
213 silly addNameRange     '3.0.0',
213 silly addNameRange     '3.0.1',
213 silly addNameRange     '3.1.0',
213 silly addNameRange     '3.1.1',
213 silly addNameRange     '3.1.2',
213 silly addNameRange     '3.1.3',
213 silly addNameRange     '3.1.4',
213 silly addNameRange     '3.2.0-beta1',
213 silly addNameRange     '3.2.0',
213 silly addNameRange     '3.3.0',
213 silly addNameRange     '3.3.1',
213 silly addNameRange     '3.3.2' ] ]
214 verbose addNamed [ 'should', '3.3.2' ]
215 verbose addNamed [ '3.3.2', '3.3.2' ]
216 silly lockFile 02942128-should-3-3-2 should@3.3.2
217 verbose lock should@3.3.2 /Users/ikerib/.npm/02942128-should-3-3-2.lock
218 silly addNameRange number 2 { name: 'mocha', range: '*', hasData: true }
219 silly addNameRange versions [ 'mocha',
219 silly addNameRange   [ '0.0.1-alpha1',
219 silly addNameRange     '0.0.1-alpha2',
219 silly addNameRange     '0.0.1-alpha3',
219 silly addNameRange     '0.0.1-alpha4',
219 silly addNameRange     '0.0.1-alpha5',
219 silly addNameRange     '0.0.1-alpha6',
219 silly addNameRange     '0.0.1',
219 silly addNameRange     '0.0.2',
219 silly addNameRange     '0.0.3',
219 silly addNameRange     '0.0.4',
219 silly addNameRange     '0.0.5',
219 silly addNameRange     '0.0.6',
219 silly addNameRange     '0.0.7',
219 silly addNameRange     '0.0.8',
219 silly addNameRange     '0.1.0',
219 silly addNameRange     '0.2.0',
219 silly addNameRange     '0.3.0',
219 silly addNameRange     '0.3.1',
219 silly addNameRange     '0.3.2',
219 silly addNameRange     '0.3.3',
219 silly addNameRange     '0.3.4',
219 silly addNameRange     '0.3.6',
219 silly addNameRange     '0.4.0',
219 silly addNameRange     '0.5.0',
219 silly addNameRange     '0.6.0',
219 silly addNameRange     '0.7.0',
219 silly addNameRange     '0.7.1',
219 silly addNameRange     '0.8.0',
219 silly addNameRange     '0.8.1',
219 silly addNameRange     '0.9.0',
219 silly addNameRange     '0.10.0',
219 silly addNameRange     '0.10.1',
219 silly addNameRange     '0.10.2',
219 silly addNameRange     '0.11.0',
219 silly addNameRange     '0.12.0',
219 silly addNameRange     '0.12.1',
219 silly addNameRange     '0.13.0',
219 silly addNameRange     '0.14.0',
219 silly addNameRange     '0.14.1',
219 silly addNameRange     '1.0.0',
219 silly addNameRange     '1.0.1',
219 silly addNameRange     '1.0.2',
219 silly addNameRange     '1.0.3',
219 silly addNameRange     '1.1.0',
219 silly addNameRange     '1.2.0',
219 silly addNameRange     '1.2.1',
219 silly addNameRange     '1.2.2',
219 silly addNameRange     '1.3.0',
219 silly addNameRange     '1.3.1',
219 silly addNameRange     '1.3.2',
219 silly addNameRange     '1.4.0',
219 silly addNameRange     '1.4.1',
219 silly addNameRange     '1.4.2',
219 silly addNameRange     '1.4.3',
219 silly addNameRange     '1.5.0',
219 silly addNameRange     '1.6.0',
219 silly addNameRange     '1.7.0',
219 silly addNameRange     '1.7.1',
219 silly addNameRange     '1.7.2',
219 silly addNameRange     '1.7.3',
219 silly addNameRange     '1.7.4',
219 silly addNameRange     '1.8.0',
219 silly addNameRange     '1.8.1',
219 silly addNameRange     '1.8.2',
219 silly addNameRange     '1.9.0',
219 silly addNameRange     '1.10.0',
219 silly addNameRange     '1.11.0',
219 silly addNameRange     '1.12.0',
219 silly addNameRange     '1.12.1',
219 silly addNameRange     '1.13.0',
219 silly addNameRange     '1.14.0',
219 silly addNameRange     '1.15.0',
219 silly addNameRange     '1.15.1',
219 silly addNameRange     '1.16.0',
219 silly addNameRange     '1.16.1',
219 silly addNameRange     '1.16.2',
219 silly addNameRange     '1.17.0',
219 silly addNameRange     '1.17.1',
219 silly addNameRange     '1.18.0',
219 silly addNameRange     '1.18.1',
219 silly addNameRange     '1.18.2',
219 silly addNameRange     '1.19.0',
219 silly addNameRange     '1.20.0',
219 silly addNameRange     '1.20.1' ] ]
220 verbose addNamed [ 'mocha', '1.20.1' ]
221 verbose addNamed [ '1.20.1', '1.20.1' ]
222 silly lockFile f8a1961c-mocha-1-20-1 mocha@1.20.1
223 verbose lock mocha@1.20.1 /Users/ikerib/.npm/f8a1961c-mocha-1-20-1.lock
224 silly addNameRange number 2 { name: 'vows', range: '>=0.5.0-0 <0.6.0-0', hasData: true }
225 silly addNameRange versions [ 'vows',
225 silly addNameRange   [ '0.2.5',
225 silly addNameRange     '0.3.0',
225 silly addNameRange     '0.3.1',
225 silly addNameRange     '0.3.2',
225 silly addNameRange     '0.3.3',
225 silly addNameRange     '0.3.4',
225 silly addNameRange     '0.3.5',
225 silly addNameRange     '0.4.0',
225 silly addNameRange     '0.4.1',
225 silly addNameRange     '0.4.2',
225 silly addNameRange     '0.4.3',
225 silly addNameRange     '0.4.4',
225 silly addNameRange     '0.4.5',
225 silly addNameRange     '0.4.6',
225 silly addNameRange     '0.5.0',
225 silly addNameRange     '0.5.5',
225 silly addNameRange     '0.5.6',
225 silly addNameRange     '0.5.8',
225 silly addNameRange     '0.5.9',
225 silly addNameRange     '0.5.10',
225 silly addNameRange     '0.5.11',
225 silly addNameRange     '0.5.12',
225 silly addNameRange     '0.5.13',
225 silly addNameRange     '0.6.0',
225 silly addNameRange     '0.6.1',
225 silly addNameRange     '0.6.2',
225 silly addNameRange     '0.6.3',
225 silly addNameRange     '0.6.4',
225 silly addNameRange     '0.7.0' ] ]
226 verbose addNamed [ 'vows', '0.5.13' ]
227 verbose addNamed [ '0.5.13', '0.5.13' ]
228 silly lockFile b3231193-vows-0-5-13 vows@0.5.13
229 verbose lock vows@0.5.13 /Users/ikerib/.npm/b3231193-vows-0-5-13.lock
230 silly lockFile 32ea62bd-npmjs-org-mocha-mocha-1-20-1-tgz https://registry.npmjs.org/mocha/-/mocha-1.20.1.tgz
231 verbose lock https://registry.npmjs.org/mocha/-/mocha-1.20.1.tgz /Users/ikerib/.npm/32ea62bd-npmjs-org-mocha-mocha-1-20-1-tgz.lock
232 silly lockFile dce4616f-connect-1-8-5 connect@1.8.5
233 silly lockFile dce4616f-connect-1-8-5 connect@1.8.5
234 verbose addRemoteTarball [ 'https://registry.npmjs.org/mocha/-/mocha-1.20.1.tgz',
234 verbose addRemoteTarball   'f343832d9fe0c7d97c64fc70448f5136df9fed5b' ]
235 silly lockFile cb903926-socket-io-0-8-7 socket.io@0.8.7
236 silly lockFile cb903926-socket-io-0-8-7 socket.io@0.8.7
237 silly lockFile 5dd4d70a-express-2-5-2 express@2.5.2
238 silly lockFile 5dd4d70a-express-2-5-2 express@2.5.2
239 info retry fetch attempt 1 at 09:11:46
240 verbose fetch to= /var/folders/cx/s3r7h3ts1cgcydcg79wr_xt00000gn/T/npm-1545-yHDWAl2q/1403507505978-0.1294792159460485/tmp.tgz
241 silly lockFile f329261c-mongoose-2-4-8 mongoose@2.4.8
242 silly lockFile f329261c-mongoose-2-4-8 mongoose@2.4.8
243 http GET https://registry.npmjs.org/mocha/-/mocha-1.20.1.tgz
244 error fetch failed https://registry.npmjs.org/mocha/-/mocha-1.20.1.tgz
245 info retry will retry, error on last attempt: Error: connect Unknown system errno 64
246 silly lockFile a24c3910-jade-0-20-0 jade@0.20.0
247 silly lockFile a24c3910-jade-0-20-0 jade@0.20.0
248 silly lockFile b3231193-vows-0-5-13 vows@0.5.13
249 silly lockFile b3231193-vows-0-5-13 vows@0.5.13
250 silly lockFile a41c3257-vows-0-5-x vows@0.5.x
251 silly lockFile a41c3257-vows-0-5-x vows@0.5.x
252 silly lockFile 02942128-should-3-3-2 should@3.3.2
253 silly lockFile 02942128-should-3-3-2 should@3.3.2
254 silly lockFile 987f4939-should should@*
255 silly lockFile 987f4939-should should@*
256 info retry fetch attempt 2 at 09:11:56
257 verbose fetch to= /var/folders/cx/s3r7h3ts1cgcydcg79wr_xt00000gn/T/npm-1545-yHDWAl2q/1403507505978-0.1294792159460485/tmp.tgz
258 http GET https://registry.npmjs.org/mocha/-/mocha-1.20.1.tgz
259 error fetch failed https://registry.npmjs.org/mocha/-/mocha-1.20.1.tgz
260 info retry will retry, error on last attempt: Error: connect Unknown system errno 64
261 info retry fetch attempt 3 at 09:12:56
262 verbose fetch to= /var/folders/cx/s3r7h3ts1cgcydcg79wr_xt00000gn/T/npm-1545-yHDWAl2q/1403507505978-0.1294792159460485/tmp.tgz
263 http GET https://registry.npmjs.org/mocha/-/mocha-1.20.1.tgz
264 error fetch failed https://registry.npmjs.org/mocha/-/mocha-1.20.1.tgz
265 silly lockFile 32ea62bd-npmjs-org-mocha-mocha-1-20-1-tgz https://registry.npmjs.org/mocha/-/mocha-1.20.1.tgz
266 silly lockFile 32ea62bd-npmjs-org-mocha-mocha-1-20-1-tgz https://registry.npmjs.org/mocha/-/mocha-1.20.1.tgz
267 silly lockFile f8a1961c-mocha-1-20-1 mocha@1.20.1
268 silly lockFile f8a1961c-mocha-1-20-1 mocha@1.20.1
269 silly lockFile 4d0fa87f-mocha mocha@*
270 silly lockFile 4d0fa87f-mocha mocha@*
271 error Error: connect Unknown system errno 64
271 error     at errnoException (net.js:904:11)
271 error     at connect (net.js:766:19)
271 error     at net.js:845:9
271 error     at asyncCallback (dns.js:68:16)
271 error     at Object.onanswer [as oncomplete] (dns.js:121:9)
272 error If you need help, you may report this *entire* log,
272 error including the npm and node versions, at:
272 error     <http://github.com/npm/npm/issues>
273 error System Darwin 13.2.0
274 error command "node" "/usr/local/bin/npm" "install"
275 error cwd /Users/ikerib/www/ControlBobinasSMD
276 error node -v v0.10.26
277 error npm -v 1.4.3
278 error syscall connect
279 error code Unknown system errno 64
280 error errno Unknown system errno 64
281 verbose exit [ 1, true ]
